2024-09-24T00:10:08.544+09:00  WARN 56660 --- [board-app-backend] [HikariPool-2 housekeeper] com.zaxxer.hikari.pool.HikariPool        : HikariPool-2 - Thread starvation or clock leap detected (housekeeper delta=36m9s552ms).
2024-09-24T00:40:49.561+09:00  WARN 56660 --- [board-app-backend] [HikariPool-2 housekeeper] com.zaxxer.hikari.pool.HikariPool        : HikariPool-2 - Thread starvation or clock leap detected (housekeeper delta=30m41s17ms).
2024-09-24T01:40:23.893+09:00  WARN 56660 --- [board-app-backend] [HikariPool-2 housekeeper] com.zaxxer.hikari.pool.HikariPool        : HikariPool-2 - Thread starvation or clock leap detected (housekeeper delta=59m34s332ms).
2024-09-24T02:24:33.623+09:00  WARN 56660 --- [board-app-backend] [HikariPool-2 housekeeper] com.zaxxer.hikari.pool.HikariPool        : HikariPool-2 - Thread starvation or clock leap detected (housekeeper delta=44m9s730ms).
2024-09-24T02:51:03.749+09:00  WARN 56660 --- [board-app-backend] [HikariPool-2 housekeeper] com.zaxxer.hikari.pool.HikariPool        : HikariPool-2 - Thread starvation or clock leap detected (housekeeper delta=26m30s126ms).
2024-09-24T04:00:29.254+09:00  WARN 56660 --- [board-app-backend] [HikariPool-2 housekeeper] com.zaxxer.hikari.pool.HikariPool        : HikariPool-2 - Thread starvation or clock leap detected (housekeeper delta=1h9m25s505ms).
2024-09-24T05:07:38.937+09:00  WARN 56660 --- [board-app-backend] [HikariPool-2 housekeeper] com.zaxxer.hikari.pool.HikariPool        : HikariPool-2 - Thread starvation or clock leap detected (housekeeper delta=1h7m9s683ms).
2024-09-24T05:43:36.231+09:00  WARN 56660 --- [board-app-backend] [HikariPool-2 housekeeper] com.zaxxer.hikari.pool.HikariPool        : HikariPool-2 - Thread starvation or clock leap detected (housekeeper delta=35m57s294ms).
2024-09-24T06:41:02.798+09:00  WARN 56660 --- [board-app-backend] [HikariPool-2 housekeeper] com.zaxxer.hikari.pool.HikariPool        : HikariPool-2 - Thread starvation or clock leap detected (housekeeper delta=57m26s567ms).
2024-09-24T07:29:40.940+09:00  WARN 56660 --- [board-app-backend] [HikariPool-2 housekeeper] com.zaxxer.hikari.pool.HikariPool        : HikariPool-2 - Thread starvation or clock leap detected (housekeeper delta=48m38s142ms).
2024-09-24T08:30:36.814+09:00  WARN 56660 --- [board-app-backend] [HikariPool-2 housekeeper] com.zaxxer.hikari.pool.HikariPool        : HikariPool-2 - Thread starvation or clock leap detected (housekeeper delta=1h55s874ms).
2024-09-24T08:54:11.021+09:00  WARN 56660 --- [board-app-backend] [HikariPool-2 housekeeper] com.zaxxer.hikari.pool.HikariPool        : HikariPool-2 - Thread starvation or clock leap detected (housekeeper delta=23m34s206ms).
2024-09-24T09:40:24.545+09:00  WARN 56660 --- [board-app-backend] [HikariPool-2 housekeeper] com.zaxxer.hikari.pool.HikariPool        : HikariPool-2 - Thread starvation or clock leap detected (housekeeper delta=46m13s525ms).
2024-09-24T10:26:44.078+09:00  WARN 56660 --- [board-app-backend] [HikariPool-2 housekeeper] com.zaxxer.hikari.pool.HikariPool        : HikariPool-2 - Thread starvation or clock leap detected (housekeeper delta=4m19s142ms).
2024-09-24T10:42:24.450+09:00  WARN 56660 --- [board-app-backend] [HikariPool-2 housekeeper] com.zaxxer.hikari.pool.HikariPool        : HikariPool-2 - Thread starvation or clock leap detected (housekeeper delta=15m40s372ms).
2024-09-24T12:58:55.880+09:00  WARN 56660 --- [board-app-backend] [HikariPool-2 housekeeper] com.zaxxer.hikari.pool.HikariPool        : HikariPool-2 - Thread starvation or clock leap detected (housekeeper delta=15m30s404ms).
2024-09-24T13:37:43.688+09:00  WARN 56660 --- [board-app-backend] [HikariPool-2 housekeeper] com.zaxxer.hikari.pool.HikariPool        : HikariPool-2 - Thread starvation or clock leap detected (housekeeper delta=38m47s808ms).
2024-09-24T13:41:19.825+09:00  WARN 56660 --- [board-app-backend] [HikariPool-2 housekeeper] com.zaxxer.hikari.pool.HikariPool        : HikariPool-2 - Thread starvation or clock leap detected (housekeeper delta=3m36s137ms).
2024-09-24T13:42:27.483+09:00  WARN 56660 --- [board-app-backend] [HikariPool-2 housekeeper] com.zaxxer.hikari.pool.HikariPool        : HikariPool-2 - Thread starvation or clock leap detected (housekeeper delta=1m7s658ms).
2024-09-24T13:47:02.619+09:00  WARN 56660 --- [board-app-backend] [HikariPool-2 housekeeper] com.zaxxer.hikari.pool.HikariPool        : HikariPool-2 - Thread starvation or clock leap detected (housekeeper delta=4m35s136ms).
2024-09-24T13:50:23.565+09:00  WARN 56660 --- [board-app-backend] [HikariPool-2 housekeeper] com.zaxxer.hikari.pool.HikariPool        : HikariPool-2 - Thread starvation or clock leap detected (housekeeper delta=3m20s946ms).
2024-09-24T13:52:23.218+09:00  WARN 56660 --- [board-app-backend] [HikariPool-2 housekeeper] com.zaxxer.hikari.pool.HikariPool        : HikariPool-2 - Thread starvation or clock leap detected (housekeeper delta=1m59s653ms).
2024-09-24T14:02:09.923+09:00  WARN 56660 --- [board-app-backend] [HikariPool-2 housekeeper] com.zaxxer.hikari.pool.HikariPool        : HikariPool-2 - Thread starvation or clock leap detected (housekeeper delta=46s638ms).
2024-09-24T15:04:36.431+09:00  WARN 56660 --- [board-app-backend] [HikariPool-2 housekeeper] com.zaxxer.hikari.pool.HikariPool        : HikariPool-2 - Thread starvation or clock leap detected (housekeeper delta=17m56s241ms).
2024-09-24T15:43:21.026+09:00  WARN 56660 --- [board-app-backend] [HikariPool-2 housekeeper] com.zaxxer.hikari.pool.HikariPool        : HikariPool-2 - Thread starvation or clock leap detected (housekeeper delta=38m44s594ms).
2024-09-24T16:05:27.359+09:00  WARN 56660 --- [board-app-backend] [HikariPool-2 housekeeper] com.zaxxer.hikari.pool.HikariPool        : HikariPool-2 - Thread starvation or clock leap detected (housekeeper delta=22m6s334ms).
2024-09-24T16:40:04.403+09:00  WARN 56660 --- [board-app-backend] [HikariPool-2 housekeeper] com.zaxxer.hikari.pool.HikariPool        : HikariPool-2 - Thread starvation or clock leap detected (housekeeper delta=34m37s44ms).
2024-09-24T16:59:33.885+09:00  WARN 56660 --- [board-app-backend] [HikariPool-2 housekeeper] com.zaxxer.hikari.pool.HikariPool        : HikariPool-2 - Thread starvation or clock leap detected (housekeeper delta=19m29s482ms).
2024-09-24T18:57:13.010+09:00  WARN 56660 --- [board-app-backend] [HikariPool-2 housekeeper] com.zaxxer.hikari.pool.HikariPool        : HikariPool-2 - Thread starvation or clock leap detected (housekeeper delta=23m8s391ms).
2024-09-24T20:18:51.421+09:00  INFO 56660 --- [board-app-backend] [SpringApplicationShutdownHook] j.LocalContainerEntityManagerFactoryBean : Closing JPA EntityManagerFactory for persistence unit 'default'
2024-09-24T20:18:51.428+09:00  INFO 56660 --- [board-app-backend] [SpringApplicationShutdownHook] com.zaxxer.hikari.HikariDataSource       : HikariPool-2 - Shutdown initiated...
2024-09-24T20:18:51.431+09:00  INFO 56660 --- [board-app-backend] [SpringApplicationShutdownHook] com.zaxxer.hikari.HikariDataSource       : HikariPool-2 - Shutdown completed.
